2018-09-05 12:24:13.311 Skype[77248:21436220] Download completed to: file:///var/root/Library/Caches/com.skype.skype.ShipIt/update.V7niTG5/Skype-8.29.0.50.zip
2018-09-05 12:45:52.966 Skype Helper[77273:21443508] Couldn't set selectedTextBackgroundColor from default ()
objc[77248]: Class FIFinderSyncExtensionHost is implemented in both /System/Library/PrivateFrameworks/FinderKit.framework/Versions/A/FinderKit (0x7fff8cca5a70) and /System/Library/PrivateFrameworks/FileProvider.framework/OverrideBundles/FinderSyncCollaborationFileProviderOverride.bundle/Contents/MacOS/FinderSyncCollaborationFileProviderOverride (0x113248cd8). One of the two will be used. Which one is undefined.
2018-09-05 13:09:18.907 Skype[77248:21787812] +[NSXPCSharedListener endpointForReply:withListenerName:]: an error occurred while attempting to obtain endpoint for listener '': Connection interrupted
2018-09-05 13:09:18.907 Skype[77248:21787812] failed to warm up class QLUIServiceViewController in service com.apple.quicklook.QuickLookUIService due to Error Domain=NSCocoaErrorDomain Code=4099 "could not obtain endpoint for com.apple.quicklook.QuickLookUIService/; look for logging from service, launchd, taskgated, etc." UserInfo={NSDebugDescription=could not obtain endpoint for com.apple.quicklook.QuickLookUIService/; look for logging from service, launchd, taskgated, etc.}
2018-09-05 13:09:29.101 Skype[77248:21789704] +[NSXPCSharedListener endpointForReply:withListenerName:]: an error occurred while attempting to obtain endpoint for listener 'com.apple.view-bridge': Connection interrupted
2018-09-05 13:09:29.101 Skype[77248:21787934] +[NSXPCSharedListener endpointForReply:withListenerName:]: an error occurred while attempting to obtain endpoint for listener 'com.apple.view-bridge': Connection interrupted
2018-09-05 13:09:29.101 Skype[77248:21789703] +[NSXPCSharedListener endpointForReply:withListenerName:]: an error occurred while attempting to obtain endpoint for listener '': Connection interrupted
2018-09-05 13:09:29.101 Skype[77248:21785813] +[NSXPCSharedListener endpointForReply:withListenerName:]: an error occurred while attempting to obtain endpoint for listener '': Connection interrupted
2018-09-05 13:09:29.101 Skype[77248:21789703] failed to warm up class QLUIServiceViewController in service com.apple.quicklook.QuickLookUIService due to Error Domain=NSCocoaErrorDomain Code=4099 "could not obtain endpoint for com.apple.quicklook.QuickLookUIService/; look for logging from service, launchd, taskgated, etc." UserInfo={NSDebugDescription=could not obtain endpoint for com.apple.quicklook.QuickLookUIService/; look for logging from service, launchd, taskgated, etc.}
2018-09-05 13:09:29.101 Skype[77248:21785813] failed to warm up class QLUIServiceViewController in service com.apple.quicklook.QuickLookUIService due to Error Domain=NSCocoaErrorDomain Code=4099 "could not obtain endpoint for com.apple.quicklook.QuickLookUIService/; look for logging from service, launchd, taskgated, etc." UserInfo={NSDebugDescription=could not obtain endpoint for com.apple.quicklook.QuickLookUIService/; look for logging from service, launchd, taskgated, etc.}
2018-09-05 13:09:29.101 Skype[77248:21789702] +[NSXPCSharedListener endpointForReply:withListenerName:]: an error occurred while attempting to obtain endpoint for listener '': Connection interrupted
2018-09-05 13:09:29.101 Skype[77248:21787811] +[NSXPCSharedListener endpointForReply:withListenerName:]: an error occurred while attempting to obtain endpoint for listener 'com.apple.view-bridge': Connection interrupted
2018-09-05 13:09:29.101 Skype[77248:21789702] failed to warm up class QLUIServiceViewController in service com.apple.quicklook.QuickLookUIService due to Error Domain=NSCocoaErrorDomain Code=4099 "could not obtain endpoint for com.apple.quicklook.QuickLookUIService/; look for logging from service, launchd, taskgated, etc." UserInfo={NSDebugDescription=could not obtain endpoint for com.apple.quicklook.QuickLookUIService/; look for logging from service, launchd, taskgated, etc.}
2018-09-05 13:09:39.624 Skype[77248:21787811] +[NSXPCSharedListener endpointForReply:withListenerName:]: an error occurred while attempting to obtain endpoint for listener '': Connection interrupted
2018-09-05 13:09:39.624 Skype[77248:21785813] +[NSXPCSharedListener endpointForReply:withListenerName:]: an error occurred while attempting to obtain endpoint for listener '': Connection interrupted
2018-09-05 13:09:39.625 Skype[77248:21789704] +[NSXPCSharedListener endpointForReply:withListenerName:]: an error occurred while attempting to obtain endpoint for listener 'com.apple.view-bridge': Connection interrupted
2018-09-05 13:09:39.625 Skype[77248:21789188] +[NSXPCSharedListener endpointForReply:withListenerName:]: an error occurred while attempting to obtain endpoint for listener 'com.apple.view-bridge': Connection interrupted
2018-09-05 13:09:39.625 Skype[77248:21787811] failed to warm up class QLUIServiceViewController in service com.apple.quicklook.QuickLookUIService due to Error Domain=NSCocoaErrorDomain Code=4099 "could not obtain endpoint for com.apple.quicklook.QuickLookUIService/; look for logging from service, launchd, taskgated, etc." UserInfo={NSDebugDescription=could not obtain endpoint for com.apple.quicklook.QuickLookUIService/; look for logging from service, launchd, taskgated, etc.}
2018-09-05 13:09:39.625 Skype[77248:21785813] failed to warm up class QLUIServiceViewController in service com.apple.quicklook.QuickLookUIService due to Error Domain=NSCocoaErrorDomain Code=4099 "could not obtain endpoint for com.apple.quicklook.QuickLookUIService/; look for logging from service, launchd, taskgated, etc." UserInfo={NSDebugDescription=could not obtain endpoint for com.apple.quicklook.QuickLookUIService/; look for logging from service, launchd, taskgated, etc.}
2018-09-05 13:17:03.243 Skype[77248:21883323] +[NSXPCSharedListener endpointForReply:withListenerName:]: an error occurred while attempting to obtain endpoint for listener 'com.apple.view-bridge': Connection interrupted
2018-09-05 13:17:03.243 Skype[77248:21872631] +[NSXPCSharedListener endpointForReply:withListenerName:]: an error occurred while attempting to obtain endpoint for listener '': Connection interrupted
2018-09-05 13:17:03.243 Skype[77248:21872631] failed to warm up class QLUIServiceViewController in service com.apple.quicklook.QuickLookUIService due to Error Domain=NSCocoaErrorDomain Code=4099 "could not obtain endpoint for com.apple.quicklook.QuickLookUIService/; look for logging from service, launchd, taskgated, etc." UserInfo={NSDebugDescription=could not obtain endpoint for com.apple.quicklook.QuickLookUIService/; look for logging from service, launchd, taskgated, etc.}
2018-09-05 13:17:13.584 Skype[77248:21884140] +[NSXPCSharedListener endpointForReply:withListenerName:]: an error occurred while attempting to obtain endpoint for listener '': Connection interrupted
2018-09-05 13:17:13.584 Skype[77248:21884142] +[NSXPCSharedListener endpointForReply:withListenerName:]: an error occurred while attempting to obtain endpoint for listener '': Connection interrupted
2018-09-05 13:17:13.584 Skype[77248:21883323] +[NSXPCSharedListener endpointForReply:withListenerName:]: an error occurred while attempting to obtain endpoint for listener 'com.apple.view-bridge': Connection interrupted
2018-09-05 13:17:13.584 Skype[77248:21881201] +[NSXPCSharedListener endpointForReply:withListenerName:]: an error occurred while attempting to obtain endpoint for listener 'com.apple.view-bridge': Connection interrupted
2018-09-05 13:17:13.584 Skype[77248:21884140] failed to warm up class QLUIServiceViewController in service com.apple.quicklook.QuickLookUIService due to Error Domain=NSCocoaErrorDomain Code=4099 "could not obtain endpoint for com.apple.quicklook.QuickLookUIService/; look for logging from service, launchd, taskgated, etc." UserInfo={NSDebugDescription=could not obtain endpoint for com.apple.quicklook.QuickLookUIService/; look for logging from service, launchd, taskgated, etc.}
2018-09-05 13:17:13.584 Skype[77248:21884142] failed to warm up class QLUIServiceViewController in service com.apple.quicklook.QuickLookUIService due to Error Domain=NSCocoaErrorDomain Code=4099 "could not obtain endpoint for com.apple.quicklook.QuickLookUIService/; look for logging from service, launchd, taskgated, etc." UserInfo={NSDebugDescription=could not obtain endpoint for com.apple.quicklook.QuickLookUIService/; look for logging from service, launchd, taskgated, etc.}
2018-09-05 13:17:25.670 Skype[77248:21884141] +[NSXPCSharedListener endpointForReply:withListenerName:]: an error occurred while attempting to obtain endpoint for listener '': Connection interrupted
2018-09-05 13:17:25.670 Skype[77248:21884139] +[NSXPCSharedListener endpointForReply:withListenerName:]: an error occurred while attempting to obtain endpoint for listener 'com.apple.view-bridge': Connection interrupted
2018-09-05 13:17:25.670 Skype[77248:21884141] failed to warm up class QLUIServiceViewController in service com.apple.quicklook.QuickLookUIService due to Error Domain=NSCocoaErrorDomain Code=4099 "could not obtain endpoint for com.apple.quicklook.QuickLookUIService/; look for logging from service, launchd, taskgated, etc." UserInfo={NSDebugDescription=could not obtain endpoint for com.apple.quicklook.QuickLookUIService/; look for logging from service, launchd, taskgated, etc.}
2018-09-05 13:17:35.822 Skype[77248:21885794] +[NSXPCSharedListener endpointForReply:withListenerName:]: an error occurred while attempting to obtain endpoint for listener '': Connection interrupted
2018-09-05 13:17:35.822 Skype[77248:21884575] +[NSXPCSharedListener endpointForReply:withListenerName:]: an error occurred while attempting to obtain endpoint for listener 'com.apple.view-bridge': Connection interrupted
2018-09-05 13:17:35.823 Skype[77248:21885794] failed to warm up class QLUIServiceViewController in service com.apple.quicklook.QuickLookUIService due to Error Domain=NSCocoaErrorDomain Code=4099 "could not obtain endpoint for com.apple.quicklook.QuickLookUIService/; look for logging from service, launchd, taskgated, etc." UserInfo={NSDebugDescription=could not obtain endpoint for com.apple.quicklook.QuickLookUIService/; look for logging from service, launchd, taskgated, etc.}
Sorry, try again.
2018-09-05 13:37:07.282 Skype[80868:22004605] Download completed to: file:///var/root/Library/Caches/com.skype.skype.ShipIt/update.fIfeHrs/Skype-8.29.0.50.zip
2018-09-05 13:37:31.536 Skype Helper[80876:22002688] Couldn't set selectedTextBackgroundColor from default ()
objc[80868]: Class FIFinderSyncExtensionHost is implemented in both /System/Library/PrivateFrameworks/FinderKit.framework/Versions/A/FinderKit (0x7fff8cca5a70) and /System/Library/PrivateFrameworks/FileProvider.framework/OverrideBundles/FinderSyncCollaborationFileProviderOverride.bundle/Contents/MacOS/FinderSyncCollaborationFileProviderOverride (0x11c031cd8). One of the two will be used. Which one is undefined.
2018-09-05 13:43:14.308 Skype[80868:22107024] +[NSXPCSharedListener endpointForReply:withListenerName:]: an error occurred while attempting to obtain endpoint for listener '': Connection interrupted
2018-09-05 13:43:14.308 Skype[80868:22110431] +[NSXPCSharedListener endpointForReply:withListenerName:]: an error occurred while attempting to obtain endpoint for listener 'com.apple.view-bridge': Connection interrupted
2018-09-05 13:43:14.308 Skype[80868:22107024] failed to warm up class QLUIServiceViewController in service com.apple.quicklook.QuickLookUIService due to Error Domain=NSCocoaErrorDomain Code=4099 "could not obtain endpoint for com.apple.quicklook.QuickLookUIService/; look for logging from service, launchd, taskgated, etc." UserInfo={NSDebugDescription=could not obtain endpoint for com.apple.quicklook.QuickLookUIService/; look for logging from service, launchd, taskgated, etc.}
2018-09-05 13:43:24.483 Skype[80868:22100379] +[NSXPCSharedListener endpointForReply:withListenerName:]: an error occurred while attempting to obtain endpoint for listener 'com.apple.view-bridge': Connection interrupted
2018-09-05 13:43:24.483 Skype[80868:22114406] +[NSXPCSharedListener endpointForReply:withListenerName:]: an error occurred while attempting to obtain endpoint for listener '': Connection interrupted
2018-09-05 13:43:24.494 Skype[80868:22114406] failed to warm up class QLUIServiceViewController in service com.apple.quicklook.QuickLookUIService due to Error Domain=NSCocoaErrorDomain Code=4099 "could not obtain endpoint for com.apple.quicklook.QuickLookUIService/; look for logging from service, launchd, taskgated, etc." UserInfo={NSDebugDescription=could not obtain endpoint for com.apple.quicklook.QuickLookUIService/; look for logging from service, launchd, taskgated, etc.}
2018-09-05 13:50:35.785 Skype[80868:22220724] +[NSXPCSharedListener endpointForReply:withListenerName:]: an error occurred while attempting to obtain endpoint for listener '': Connection interrupted
2018-09-05 13:50:35.785 Skype[80868:22220719] +[NSXPCSharedListener endpointForReply:withListenerName:]: an error occurred while attempting to obtain endpoint for listener 'com.apple.view-bridge': Connection interrupted
2018-09-05 13:50:35.805 Skype[80868:22220724] failed to warm up class QLUIServiceViewController in service com.apple.quicklook.QuickLookUIService due to Error Domain=NSCocoaErrorDomain Code=4099 "could not obtain endpoint for com.apple.quicklook.QuickLookUIService/; look for logging from service, launchd, taskgated, etc." UserInfo={NSDebugDescription=could not obtain endpoint for com.apple.quicklook.QuickLookUIService/; look for logging from service, launchd, taskgated, etc.}
2018-09-05 13:50:46.045 Skype[80868:22221525] +[NSXPCSharedListener endpointForReply:withListenerName:]: an error occurred while attempting to obtain endpoint for listener '': Connection interrupted
2018-09-05 13:50:46.045 Skype[80868:22220235] +[NSXPCSharedListener endpointForReply:withListenerName:]: an error occurred while attempting to obtain endpoint for listener 'com.apple.view-bridge': Connection interrupted
2018-09-05 13:50:46.045 Skype[80868:22221525] failed to warm up class QLUIServiceViewController in service com.apple.quicklook.QuickLookUIService due to Error Domain=NSCocoaErrorDomain Code=4099 "could not obtain endpoint for com.apple.quicklook.QuickLookUIService/; look for logging from service, launchd, taskgated, etc." UserInfo={NSDebugDescription=could not obtain endpoint for com.apple.quicklook.QuickLookUIService/; look for logging from service, launchd, taskgated, etc.}
2018-09-05 14:04:27.790 Skype[80868:22318145] +[NSXPCSharedListener endpointForReply:withListenerName:]: an error occurred while attempting to obtain endpoint for listener '': Connection interrupted
2018-09-05 14:04:27.790 Skype[80868:22318292] +[NSXPCSharedListener endpointForReply:withListenerName:]: an error occurred while attempting to obtain endpoint for listener 'com.apple.view-bridge': Connection interrupted
2018-09-05 14:04:27.811 Skype[80868:22318145] failed to warm up class QLUIServiceViewController in service com.apple.quicklook.QuickLookUIService due to Error Domain=NSCocoaErrorDomain Code=4099 "could not obtain endpoint for com.apple.quicklook.QuickLookUIService/; look for logging from service, launchd, taskgated, etc." UserInfo={NSDebugDescription=could not obtain endpoint for com.apple.quicklook.QuickLookUIService/; look for logging from service, launchd, taskgated, etc.}
2018-09-05 14:04:38.134 Skype[80868:22318145] +[NSXPCSharedListener endpointForReply:withListenerName:]: an error occurred while attempting to obtain endpoint for listener '': Connection interrupted
2018-09-05 14:04:38.134 Skype[80868:22317601] +[NSXPCSharedListener endpointForReply:withListenerName:]: an error occurred while attempting to obtain endpoint for listener 'com.apple.view-bridge': Connection interrupted
2018-09-05 14:04:38.134 Skype[80868:22318596] +[NSXPCSharedListener endpointForReply:withListenerName:]: an error occurred while attempting to obtain endpoint for listener '': Connection interrupted
2018-09-05 14:04:38.134 Skype[80868:22318291] +[NSXPCSharedListener endpointForReply:withListenerName:]: an error occurred while attempting to obtain endpoint for listener 'com.apple.view-bridge': Connection interrupted
2018-09-05 14:04:38.134 Skype[80868:22318596] failed to warm up class QLUIServiceViewController in service com.apple.quicklook.QuickLookUIService due to Error Domain=NSCocoaErrorDomain Code=4099 "could not obtain endpoint for com.apple.quicklook.QuickLookUIService/; look for logging from service, launchd, taskgated, etc." UserInfo={NSDebugDescription=could not obtain endpoint for com.apple.quicklook.QuickLookUIService/; look for logging from service, launchd, taskgated, etc.}
2018-09-05 14:04:38.135 Skype[80868:22318145] failed to warm up class QLUIServiceViewController in service com.apple.quicklook.QuickLookUIService due to Error Domain=NSCocoaErrorDomain Code=4099 "could not obtain endpoint for com.apple.quicklook.QuickLookUIService/; look for logging from service, launchd, taskgated, etc." UserInfo={NSDebugDescription=could not obtain endpoint for com.apple.quicklook.QuickLookUIService/; look for logging from service, launchd, taskgated, etc.}
2018-09-05 14:09:16.266 Skype[80868:22345207] +[NSXPCSharedListener endpointForReply:withListenerName:]: an error occurred while attempting to obtain endpoint for listener 'com.apple.view-bridge': Connection interrupted
2018-09-05 14:09:16.266 Skype[80868:22361291] +[NSXPCSharedListener endpointForReply:withListenerName:]: an error occurred while attempting to obtain endpoint for listener '': Connection interrupted
2018-09-05 14:09:16.286 Skype[80868:22361291] failed to warm up class QLUIServiceViewController in service com.apple.quicklook.QuickLookUIService due to Error Domain=NSCocoaErrorDomain Code=4099 "could not obtain endpoint for com.apple.quicklook.QuickLookUIService/; look for logging from service, launchd, taskgated, etc." UserInfo={NSDebugDescription=could not obtain endpoint for com.apple.quicklook.QuickLookUIService/; look for logging from service, launchd, taskgated, etc.}
2018-09-05 14:09:26.611 Skype[80868:22365539] +[NSXPCSharedListener endpointForReply:withListenerName:]: an error occurred while attempting to obtain endpoint for listener 'com.apple.view-bridge': Connection interrupted
2018-09-05 14:09:26.611 Skype[80868:22361291] +[NSXPCSharedListener endpointForReply:withListenerName:]: an error occurred while attempting to obtain endpoint for listener '': Connection interrupted
2018-09-05 14:09:26.611 Skype[80868:22361291] failed to warm up class QLUIServiceViewController in service com.apple.quicklook.QuickLookUIService due to Error Domain=NSCocoaErrorDomain Code=4099 "could not obtain endpoint for com.apple.quicklook.QuickLookUIService/; look for logging from service, launchd, taskgated, etc." UserInfo={NSDebugDescription=could not obtain endpoint for com.apple.quicklook.QuickLookUIService/; look for logging from service, launchd, taskgated, etc.}
2018-09-05 14:15:29.088 Skype[80868:22393694] +[NSXPCSharedListener endpointForReply:withListenerName:]: an error occurred while attempting to obtain endpoint for listener 'com.apple.view-bridge': Connection interrupted
2018-09-05 14:15:29.088 Skype[80868:22393527] +[NSXPCSharedListener endpointForReply:withListenerName:]: an error occurred while attempting to obtain endpoint for listener '': Connection interrupted
2018-09-05 14:15:29.109 Skype[80868:22393527] failed to warm up class QLUIServiceViewController in service com.apple.quicklook.QuickLookUIService due to Error Domain=NSCocoaErrorDomain Code=4099 "could not obtain endpoint for com.apple.quicklook.QuickLookUIService/; look for logging from service, launchd, taskgated, etc." UserInfo={NSDebugDescription=could not obtain endpoint for com.apple.quicklook.QuickLookUIService/; look for logging from service, launchd, taskgated, etc.}
2018-09-05 14:15:39.487 Skype[80868:22396573] +[NSXPCSharedListener endpointForReply:withListenerName:]: an error occurred while attempting to obtain endpoint for listener '': Connection interrupted
2018-09-05 14:15:39.487 Skype[80868:22393851] +[NSXPCSharedListener endpointForReply:withListenerName:]: an error occurred while attempting to obtain endpoint for listener 'com.apple.view-bridge': Connection interrupted
2018-09-05 14:15:39.524 Skype[80868:22396573] failed to warm up class QLUIServiceViewController in service com.apple.quicklook.QuickLookUIService due to Error Domain=NSCocoaErrorDomain Code=4099 "could not obtain endpoint for com.apple.quicklook.QuickLookUIService/; look for logging from service, launchd, taskgated, etc." UserInfo={NSDebugDescription=could not obtain endpoint for com.apple.quicklook.QuickLookUIService/; look for logging from service, launchd, taskgated, etc.}
2018-09-05 14:26:55.453 Skype[80868:22482503] +[NSXPCSharedListener endpointForReply:withListenerName:]: an error occurred while attempting to obtain endpoint for listener '': Connection interrupted
2018-09-05 14:26:55.453 Skype[80868:22484662] +[NSXPCSharedListener endpointForReply:withListenerName:]: an error occurred while attempting to obtain endpoint for listener 'com.apple.view-bridge': Connection interrupted
2018-09-05 14:26:55.474 Skype[80868:22482503] failed to warm up class QLUIServiceViewController in service com.apple.quicklook.QuickLookUIService due to Error Domain=NSCocoaErrorDomain Code=4099 "could not obtain endpoint for com.apple.quicklook.QuickLookUIService/; look for logging from service, launchd, taskgated, etc." UserInfo={NSDebugDescription=could not obtain endpoint for com.apple.quicklook.QuickLookUIService/; look for logging from service, launchd, taskgated, etc.}
2018-09-05 14:27:05.787 Skype[80868:22488304] +[NSXPCSharedListener endpointForReply:withListenerName:]: an error occurred while attempting to obtain endpoint for listener '': Connection interrupted
2018-09-05 14:27:05.787 Skype[80868:22482503] +[NSXPCSharedListener endpointForReply:withListenerName:]: an error occurred while attempting to obtain endpoint for listener 'com.apple.view-bridge': Connection interrupted
2018-09-05 14:27:05.787 Skype[80868:22488304] failed to warm up class QLUIServiceViewController in service com.apple.quicklook.QuickLookUIService due to Error Domain=NSCocoaErrorDomain Code=4099 "could not obtain endpoint for com.apple.quicklook.QuickLookUIService/; look for logging from service, launchd, taskgated, etc." UserInfo={NSDebugDescription=could not obtain endpoint for com.apple.quicklook.QuickLookUIService/; look for logging from service, launchd, taskgated, etc.}
2018-09-05 15:36:56.873 Skype[80868:22656330] Download completed to: file:///var/root/Library/Caches/com.skype.skype.ShipIt/update.7xtgzKx/Skype-8.29.0.50.zip
2018-09-05 17:36:56.097 Skype[80868:23017755] Download completed to: file:///var/root/Library/Caches/com.skype.skype.ShipIt/update.MWezmoG/Skype-8.29.0.50.zip
2018-09-09 07:11:44.542 Skype Helper[44250:526250] Couldn't set selectedTextBackgroundColor from default ()
2018-09-09 07:12:01.250 Skype[44245:526155] Download completed to: file:///var/root/Library/Caches/com.skype.skype.ShipIt/update.kW20rFJ/Skype-8.29.0.50.zip
2018-09-09 09:13:07.678 Skype[44245:575359] Download completed to: file:///var/root/Library/Caches/com.skype.skype.ShipIt/update.Oor4bzg/Skype-8.29.0.50.zip
2018-09-09 11:13:17.420 Skype[44245:613690] Download completed to: file:///var/root/Library/Caches/com.skype.skype.ShipIt/update.OqXwQ6e/Skype-8.29.0.50.zip
2018-09-09 13:18:03.261 Skype[44245:653955] Download completed to: file:///var/root/Library/Caches/com.skype.skype.ShipIt/update.YeDE0g4/Skype-8.29.0.50.zip
2018-09-09 15:13:32.410 Skype[44245:699509] Download completed to: file:///var/root/Library/Caches/com.skype.skype.ShipIt/update.JA1O4P7/Skype-8.29.0.50.zip
2018-09-09 17:13:35.069 Skype[44245:744402] Download completed to: file:///var/root/Library/Caches/com.skype.skype.ShipIt/update.GivajRd/Skype-8.29.0.50.zip
2018-09-09 19:13:46.975 Skype[44245:800960] Download completed to: file:///var/root/Library/Caches/com.skype.skype.ShipIt/update.mOJSGzQ/Skype-8.29.0.50.zip
2018-09-09 21:14:38.027 Skype[44245:856539] Download completed to: file:///var/root/Library/Caches/com.skype.skype.ShipIt/update.8iMp2rU/Skype-8.29.0.50.zip
2018-09-09 23:14:35.890 Skype[44245:915263] Download completed to: file:///var/root/Library/Caches/com.skype.skype.ShipIt/update.QYmU2aL/Skype-8.29.0.50.zip
2018-09-10 01:16:02.652 Skype[44245:966129] Download completed to: file:///var/root/Library/Caches/com.skype.skype.ShipIt/update.sTCRghc/Skype-8.29.0.50.zip
2018-09-10 03:16:58.640 Skype[44245:1013672] Download completed to: file:///var/root/Library/Caches/com.skype.skype.ShipIt/update.CGPPOgP/Skype-8.29.0.50.zip
2018-09-10 05:14:36.546 Skype[44245:1061238] Download completed to: file:///var/root/Library/Caches/com.skype.skype.ShipIt/update.XprsW4h/Skype-8.29.0.50.zip
Sorry, try again.
2018-09-10 08:05:53.331 Skype[89317:1140026] Error removing temporary download directory at file:///var/root/Library/Caches/com.skype.skype.ShipIt/update.TOiP8fX/: NSError { domain: NSCocoaErrorDomain, code: 4, description: "“update.TOiP8fX” couldn’t be removed.", failureReason: "The file doesn’t exist.", underlying error: NSError { domain: NSPOSIXErrorDomain, code: 2, description: "The operation couldn’t be completed. No such file or directory" }, userInfo: {
    NSFilePath = "/var/root/Library/Caches/com.skype.skype.ShipIt/update.TOiP8fX";
    NSUserStringVariant =     (
        Remove
    );
} }
2018-09-10 11:51:30.854 Skype[89317:1283123] Download completed to: file:///var/root/Library/Caches/com.skype.skype.ShipIt/update.59ACy8K/Skype-8.29.0.50.zip
